#
# A fatal error has been detected by the Java Runtime Environment:
#
#  EXCEPTION_ACCESS_VIOLATION (0xc0000005) at pc=0x00000185afc51066, pid=35000, tid=0x0000000000008d70
#
# JRE version: Java(TM) SE Runtime Environment (8.0_271-b09) (build 1.8.0_271-b09)
# Java VM: Java HotSpot(TM) 64-Bit Server VM (25.271-b09 mixed mode windows-amd64 compressed oops)
# Problematic frame:
# C  [OpenAL64.dll+0x11066]
#
# Failed to write core dump. Minidumps are not enabled by default on client versions of Windows
#
# If you would like to submit a bug report, please visit:
#   http://bugreport.java.com/bugreport/crash.jsp
# The crash happened outside the Java Virtual Machine in native code.
# See problematic frame for where to report the bug.
#

---------------  T H R E A D  ---------------

Current thread (0x00000185f911d000):  JavaThread "Client thread" [_thread_in_native, id=36208, stack(0x000000099f800000,0x000000099f900000)]

siginfo: ExceptionCode=0xc0000005, reading address 0x00000185a8169004

Registers:
RAX=0x0000000000000004, RBX=0x00000185c9e90090, RCX=0x00000185a8169008, RDX=0x00000185a8169004
RSP=0x000000099f8fd5c0, RBP=0x00000000000000ff, RSI=0x00000185a8168f9c, RDI=0x0000000000000000
R8 =0x000000000000001a, R9 =0x00000185a8168f9c, R10=0x00000185800198e2, R11=0x00000000754caab0
R12=0x0000000000000001, R13=0x00000185ce3709c8, R14=0x000000099f8fd758, R15=0x00000185f911d000
RIP=0x00000185afc51066, EFLAGS=0x0000000000010202

Top of Stack: (sp=0x000000099f8fd5c0)
0x000000099f8fd5c0:   fffffffe00000000 00000185f911d000
0x000000099f8fd5d0:   00000185ce3709c8 0000000000000000
0x000000099f8fd5e0:   00000185ce3709c8 0000000000000000
0x000000099f8fd5f0:   00000185f911d000 000000099f8fd758
0x000000099f8fd600:   000000099f8fd720 00000000753632cb
0x000000099f8fd610:   000000099f8fd640 0000000000000013
0x000000099f8fd620:   00000185f90f1f90 00000185f911daa0
0x000000099f8fd630:   00000185f911d000 000000099f8fd758
0x000000099f8fd640:   00000185ce3709c8 0000000000000000
0x000000099f8fd650:   00000185a8168f9c 00000185a8168f9c
0x000000099f8fd660:   000000099f8fd720 00000185afc5248f
0x000000099f8fd670:   00000185c9e90090 00000185c9e90090
0x000000099f8fd680:   000001850000ac44 0000018500000004
0x000000099f8fd690:   000000060a8158e8 000001858001990e
0x000000099f8fd6a0:   00000185ce3709c8 0000018580019605
0x000000099f8fd6b0:   00000185ce3709c8 000000099f8fd720 

Instructions: (pc=0x00000185afc51066)
0x00000185afc51046:   41 2b ec 81 3a 03 00 02 00 75 09 8b 01 89 84 24
0x00000185afc51056:   c8 00 00 00 49 83 c0 02 48 83 c1 08 4a 8d 14 86
0x00000185afc51066:   39 3a 75 af 4c 8d 84 24 c0 00 00 00 48 8d 15 d7
0x00000185afc51076:   2b 03 00 33 c9 e8 58 5f 00 00 b8 40 1f 00 00 4c 


Register to memory mapping:

RAX=0x0000000000000004 is an unknown value
RBX=0x00000185c9e90090 is an unknown value
RCX=0x00000185a8169008 is an unknown value
RDX=0x00000185a8169004 is an unknown value
RSP=0x000000099f8fd5c0 is pointing into the stack for thread: 0x00000185f911d000
RBP=0x00000000000000ff is an unknown value
RSI=0x00000185a8168f9c is an unknown value
RDI=0x0000000000000000 is an unknown value
R8 =0x000000000000001a is an unknown value
R9 =0x00000185a8168f9c is an unknown value
R10=0x00000185800198e2 is at code_begin+962 in an Interpreter codelet
method entry point (kind = native)  [0x0000018580019520, 0x0000018580019fc0]  2720 bytes
R11=0x00000000754caab0 is an unknown value
R12=0x0000000000000001 is an unknown value
R13={method} {0x00000185ce3709d0} 'nalcCreateContext' '(JJ)J' in 'org/lwjgl/openal/ALC10'
R14=0x000000099f8fd758 is pointing into the stack for thread: 0x00000185f911d000
R15=0x00000185f911d000 is a thread


Stack: [0x000000099f800000,0x000000099f900000],  sp=0x000000099f8fd5c0,  free space=1013k
Native frames: (J=compiled Java code, j=interpreted, Vv=VM code, C=native code)
C  [OpenAL64.dll+0x11066]
C  [OpenAL64.dll+0x1248f]
C  0x000001858001990e

Java frames: (J=compiled Java code, j=interpreted, Vv=VM code)
j  org.lwjgl.openal.ALC10.nalcCreateContext(JJ)J+0
j  org.lwjgl.openal.ALC10.alcCreateContext(Lorg/lwjgl/openal/ALCdevice;Ljava/nio/IntBuffer;)Lorg/lwjgl/openal/ALCcontext;+8
j  org.lwjgl.openal.AL.init(Ljava/lang/String;IIZZ)V+69
j  org.lwjgl.openal.AL.create(Ljava/lang/String;IIZZ)V+246
j  org.lwjgl.openal.AL.create(Ljava/lang/String;IIZ)V+5
j  org.lwjgl.openal.AL.create()V+6
j  org.orecruncher.dsurround.client.sound.SoundEngine.configureSound(Lnet/minecraftforge/client/event/sound/SoundSetupEvent;)V+18
j  net.minecraftforge.fml.common.eventhandler.ASMEventHandler_454_SoundEngine_configureSound_SoundSetupEvent.invoke(Lnet/minecraftforge/fml/common/eventhandler/Event;)V+5
J 13260 C2 net.minecraftforge.fml.common.eventhandler.EventBus.post(Lnet/minecraftforge/fml/common/eventhandler/Event;)Z (99 bytes) @ 0x000001858217fd3c [0x000001858217fa80+0x2bc]
j  net.minecraft.client.audio.SoundManager.<init>(Lnet/minecraft/client/audio/SoundHandler;Lnet/minecraft/client/settings/GameSettings;)V+102
j  net.minecraft.client.audio.SoundHandler.<init>(Lnet/minecraft/client/resources/IResourceManager;Lnet/minecraft/client/settings/GameSettings;)V+38
j  net.minecraft.client.Minecraft.func_71384_a()V+376
j  net.minecraft.client.Minecraft.func_99999_d()V+6
j  net.minecraft.client.main.Main.main([Ljava/lang/String;)V+1094
v  ~StubRoutines::call_stub
j  sun.reflect.NativeMethodAccessorImpl.invoke0(Ljava/lang/reflect/Method;Ljava/lang/Object;[Ljava/lang/Object;)Ljava/lang/Object;+0
j  sun.reflect.NativeMethodAccessorImpl.invoke(Ljava/lang/Object;[Ljava/lang/Object;)Ljava/lang/Object;+100
J 2222 C1 sun.reflect.DelegatingMethodAccessorImpl.invoke(Ljava/lang/Object;[Ljava/lang/Object;)Ljava/lang/Object; (10 bytes) @ 0x000001858092338c [0x0000018580923280+0x10c]
J 2221 C1 java.lang.reflect.Method.invoke(Ljava/lang/Object;[Ljava/lang/Object;)Ljava/lang/Object; (62 bytes) @ 0x0000018580920a74 [0x0000018580920680+0x3f4]
j  net.minecraft.launchwrapper.Launch.launch([Ljava/lang/String;)V+661
j  net.minecraft.launchwrapper.Launch.main([Ljava/lang/String;)V+8
v  ~StubRoutines::call_stub
j  sun.reflect.NativeMethodAccessorImpl.invoke0(Ljava/lang/reflect/Method;Ljava/lang/Object;[Ljava/lang/Object;)Ljava/lang/Object;+0
j  sun.reflect.NativeMethodAccessorImpl.invoke(Ljava/lang/Object;[Ljava/lang/Object;)Ljava/lang/Object;+100
j  sun.reflect.DelegatingMethodAccessorImpl.invoke(Ljava/lang/Object;[Ljava/lang/Object;)Ljava/lang/Object;+6
j  java.lang.reflect.Method.invoke(Ljava/lang/Object;[Ljava/lang/Object;)Ljava/lang/Object;+56
j  org.multimc.onesix.OneSixLauncher.launchWithMainClass()I+173
j  org.multimc.onesix.OneSixLauncher.launch(Lorg/multimc/ParamBucket;)I+67
j  org.multimc.EntryPoint.listen()I+160
j  org.multimc.EntryPoint.main([Ljava/lang/String;)V+9
v  ~StubRoutines::call_stub

---------------  P R O C E S S  ---------------

Java Threads: ( => current thread )
  0x00000185aa987800 JavaThread "pool-4-thread-1" [_thread_blocked, id=19836, stack(0x00000009a2c00000,0x00000009a2d00000)]
  0x00000185a0dbe800 JavaThread "Forge Version Check" [_thread_in_native, id=38676, stack(0x00000009a1a00000,0x00000009a1b00000)]
  0x00000185ab691800 JavaThread "D3D Screen Updater" daemon [_thread_blocked, id=22604, stack(0x00000009a4e10000,0x00000009a4f10000)]
  0x00000185ab694800 JavaThread "AWT-EventQueue-0" [_thread_blocked, id=4236, stack(0x00000009a4c10000,0x00000009a4d10000)]
  0x00000185ab692000 JavaThread "AWT-Windows" daemon [_thread_in_native, id=22076, stack(0x00000009a3f00000,0x00000009a4000000)]
  0x00000185ab695000 JavaThread "AWT-Shutdown" [_thread_blocked, id=5724, stack(0x00000009a3900000,0x00000009a3a00000)]
  0x00000185ab689000 JavaThread "I18n-download-info-Thread" [_thread_blocked, id=13284, stack(0x00000009a3600000,0x00000009a3700000)]
  0x00000185ab68f000 JavaThread "CLS Monitor" daemon [_thread_blocked, id=21992, stack(0x00000009a2000000,0x00000009a2100000)]
  0x00000185ab687800 JavaThread "ForkJoinPool.commonPool-worker-12" daemon [_thread_blocked, id=24080, stack(0x00000009a3800000,0x00000009a3900000)]
  0x00000185ab68e800 JavaThread "ForkJoinPool.commonPool-worker-3" daemon [_thread_blocked, id=34208, stack(0x00000009a3700000,0x00000009a3800000)]
  0x00000185ab68d000 JavaThread "ForkJoinPool.commonPool-worker-8" daemon [_thread_blocked, id=37808, stack(0x00000009a3500000,0x00000009a3600000)]
  0x00000185ab68c000 JavaThread "ForkJoinPool.commonPool-worker-1" daemon [_thread_blocked, id=20560, stack(0x00000009a3400000,0x00000009a3500000)]
  0x00000185ab68d800 JavaThread "ForkJoinPool.commonPool-worker-6" daemon [_thread_blocked, id=11336, stack(0x00000009a3300000,0x00000009a3400000)]
  0x00000185ab688800 JavaThread "ForkJoinPool.commonPool-worker-13" daemon [_thread_blocked, id=29256, stack(0x00000009a3200000,0x00000009a3300000)]
  0x000001859d834000 JavaThread "ForkJoinPool.commonPool-worker-4" daemon [_thread_blocked, id=32320, stack(0x00000009a3100000,0x00000009a3200000)]
  0x000001859d831000 JavaThread "ForkJoinPool.commonPool-worker-11" daemon [_thread_blocked, id=38592, stack(0x00000009a3000000,0x00000009a3100000)]
  0x00000185a0dc4800 JavaThread "LWJGL Timer" daemon [_thread_blocked, id=21832, stack(0x00000009a2e00000,0x00000009a2f00000)]
  0x00000185a0dc0800 JavaThread "Thread-4" [_thread_in_vm, id=8048, stack(0x00000009a1e00000,0x00000009a1f00000)]
  0x00000185a69f5000 JavaThread "Java2D Disposer" daemon [_thread_blocked, id=33064, stack(0x00000009a1d00000,0x00000009a1e00000)]
  0x00000185a068b000 JavaThread "Timer hack thread" daemon [_thread_blocked, id=30872, stack(0x00000009a1c00000,0x00000009a1d00000)]
  0x00000185aa950800 JavaThread "Snooper Timer" daemon [_thread_blocked, id=24060, stack(0x00000009a1b00000,0x00000009a1c00000)]
  0x00000185a2189800 JavaThread "Thread-1" [_thread_blocked, id=29272, stack(0x00000009a1900000,0x00000009a1a00000)]
  0x000001859d918000 JavaThread "Service Thread" daemon [_thread_blocked, id=26360, stack(0x00000009a1700000,0x00000009a1800000)]
  0x000001859d830800 JavaThread "C1 CompilerThread11" daemon [_thread_blocked, id=30976, stack(0x00000009a1600000,0x00000009a1700000)]
  0x000001859d837000 JavaThread "C1 CompilerThread10" daemon [_thread_blocked, id=18856, stack(0x00000009a1500000,0x00000009a1600000)]
  0x000001859d835000 JavaThread "C1 CompilerThread9" daemon [_thread_blocked, id=19488, stack(0x00000009a1400000,0x00000009a1500000)]
  0x000001859d833800 JavaThread "C1 CompilerThread8" daemon [_thread_blocked, id=7432, stack(0x00000009a1300000,0x00000009a1400000)]
  0x000001859d832000 JavaThread "C2 CompilerThread7" daemon [_thread_blocked, id=7596, stack(0x00000009a1200000,0x00000009a1300000)]
  0x000001859d832800 JavaThread "C2 CompilerThread6" daemon [_thread_blocked, id=19108, stack(0x00000009a1100000,0x00000009a1200000)]
  0x000001859d835800 JavaThread "C2 CompilerThread5" daemon [_thread_blocked, id=12580, stack(0x00000009a1000000,0x00000009a1100000)]
  0x000001859d836800 JavaThread "C2 CompilerThread4" daemon [_thread_blocked, id=19992, stack(0x00000009a0f00000,0x00000009a1000000)]
  0x000001859d826800 JavaThread "C2 CompilerThread3" daemon [_thread_blocked, id=15984, stack(0x00000009a0e00000,0x00000009a0f00000)]
  0x000001859d823800 JavaThread "C2 CompilerThread2" daemon [_thread_blocked, id=11060, stack(0x00000009a0d00000,0x00000009a0e00000)]
  0x000001859d820000 JavaThread "C2 CompilerThread1" daemon [_thread_blocked, id=38460, stack(0x00000009a0c00000,0x00000009a0d00000)]
  0x000001859d7d0000 JavaThread "C2 CompilerThread0" daemon [_thread_blocked, id=22908, stack(0x00000009a0b00000,0x00000009a0c00000)]
  0x000001859d81f000 JavaThread "Attach Listener" daemon [_thread_blocked, id=1028, stack(0x00000009a0a00000,0x00000009a0b00000)]
  0x000001859d7cf000 JavaThread "Signal Dispatcher" daemon [_thread_blocked, id=25176, stack(0x00000009a0900000,0x00000009a0a00000)]
  0x00000185fdf1e000 JavaThread "Finalizer" daemon [_thread_blocked, id=35316, stack(0x00000009a0800000,0x00000009a0900000)]
  0x00000185fdf14800 JavaThread "Reference Handler" daemon [_thread_blocked, id=13220, stack(0x00000009a0700000,0x00000009a0800000)]
=>0x00000185f911d000 JavaThread "Client thread" [_thread_in_native, id=36208, stack(0x000000099f800000,0x000000099f900000)]

Other Threads:
  0x00000185fdf09800 VMThread [stack: 0x00000009a0600000,0x00000009a0700000] [id=26384]
  0x000001859d944000 WatcherThread [stack: 0x00000009a1800000,0x00000009a1900000] [id=19884]

VM state:not at safepoint (normal execution)

VM Mutex/Monitor currently owned by a thread: None

heap address: 0x000000060a800000, size: 7000 MB, Compressed Oops mode: Zero based, Oop shift amount: 3
Narrow klass base: 0x0000000000000000, Narrow klass shift: 3
Compressed class space size: 1073741824 Address: 0x00000007c0000000

Heap:
 PSYoungGen      total 1350144K, used 1065048K [0x000000072e300000, 0x00000007be400000, 0x00000007c0000000)
  eden space 1282048K, 77% used [0x000000072e300000,0x000000076b0ef510,0x000000077c700000)
  from space 68096K, 99% used [0x000000077c700000,0x0000000780926d40,0x0000000780980000)
  to   space 539136K, 0% used [0x000000079d580000,0x000000079d580000,0x00000007be400000)
 ParOldGen       total 1156608K, used 654122K [0x000000060a800000, 0x0000000651180000, 0x000000072e300000)
  object space 1156608K, 56% used [0x000000060a800000,0x00000006326ca970,0x0000000651180000)
 Metaspace       used 159954K, capacity 164301K, committed 164568K, reserved 1185792K
  class space    used 26545K, capacity 27838K, committed 27904K, reserved 1048576K

Card table byte_map: [0x00000185fafb0000,0x00000185fbd60000] byte_map_base: 0x00000185f7f5c000

Marking Bits: (ParMarkBitMap*) 0x0000000075a87fe0
 Begin Bits: [0x000001858f000000, 0x0000018595d60000)
 End Bits:   [0x0000018595d60000, 0x000001859cac0000)

Polling page: 0x00000185f9370000

CodeCache: size=245760Kb used=39764Kb max_used=39777Kb free=205995Kb
 bounds [0x0000018580000000, 0x0000018582720000, 0x000001858f000000]
 total_blobs=11401 nmethods=10034 adapters=1276
 compilation: enabled

Compilation events (10 events):
Event: 84.150 Thread 0x000001859d832000 13547       4       net.minecraft.client.renderer.block.model.ModelResourceLocation::<init> (41 bytes)
Event: 84.156 Thread 0x000001859d832800 nmethod 13546 0x00000185826f1750 code [0x00000185826f18e0, 0x00000185826f2328]
Event: 84.158 Thread 0x000001859d823800 13548       4       net.minecraftforge.client.model.ModelLoader::setCustomModelResourceLocation (34 bytes)
Event: 84.164 Thread 0x000001859d832000 nmethod 13547 0x00000185826f6950 code [0x00000185826f6b40, 0x00000185826f79b0]
Event: 84.165 Thread 0x000001859d835000 13549       1       thebetweenlands.common.herblore.elixir.effects.ElixirEffect::getID (5 bytes)
Event: 84.166 Thread 0x000001859d835000 nmethod 13549 0x00000185826f1490 code [0x00000185826f15e0, 0x00000185826f16f8]
Event: 84.191 Thread 0x000001859d836800 nmethod 13543 0x00000185827090d0 code [0x0000018582709440, 0x000001858270bcd8]
Event: 84.203 Thread 0x000001859d823800 nmethod 13548 0x000001858270e910 code [0x000001858270eca0, 0x0000018582710bd0]
Event: 84.231 Thread 0x000001859d7d0000 13550       4       me.towdium.jecharacters.core.JechClassTransformer::transform (53 bytes)
Event: 84.236 Thread 0x000001859d7d0000 nmethod 13550 0x0000018582708310 code [0x00000185827084c0, 0x00000185827089a8]

GC Heap History (10 events):
Event: 73.492 GC heap before
{Heap before GC invocations=28 (full 4):
 PSYoungGen      total 1839616K, used 486874K [0x000000072e300000, 0x00000007c0000000, 0x00000007c0000000)
  eden space 1438720K, 5% used [0x000000072e300000,0x00000007337007c8,0x0000000786000000)
  from space 400896K, 99% used [0x0000000786000000,0x000000079e776128,0x000000079e780000)
  to   space 520704K, 0% used [0x00000007a0380000,0x00000007a0380000,0x00000007c0000000)
 ParOldGen       total 1092608K, used 702302K [0x000000060a800000, 0x000000064d300000, 0x000000072e300000)
  object space 1092608K, 64% used [0x000000060a800000,0x00000006355d7b30,0x000000064d300000)
 Metaspace       used 136417K, capacity 139447K, committed 139608K, reserved 1165312K
  class space    used 21853K, capacity 22787K, committed 22912K, reserved 1048576K
Event: 73.572 GC heap after
Heap after GC invocations=28 (full 4):
 PSYoungGen      total 1805824K, used 388333K [0x000000072e300000, 0x00000007c0000000, 0x00000007c0000000)
  eden space 1285120K, 0% used [0x000000072e300000,0x000000072e300000,0x000000077ca00000)
  from space 520704K, 74% used [0x00000007a0380000,0x00000007b7ebb670,0x00000007c0000000)
  to   space 551936K, 0% used [0x000000077ca00000,0x000000077ca00000,0x000000079e500000)
 ParOldGen       total 1092608K, used 702302K [0x000000060a800000, 0x000000064d300000, 0x000000072e300000)
  object space 1092608K, 64% used [0x000000060a800000,0x00000006355d7b30,0x000000064d300000)
 Metaspace       used 136417K, capacity 139447K, committed 139608K, reserved 1165312K
  class space    used 21853K, capacity 22787K, committed 22912K, reserved 1048576K
}
Event: 73.572 GC heap before
{Heap before GC invocations=29 (full 5):
 PSYoungGen      total 1805824K, used 388333K [0x000000072e300000, 0x00000007c0000000, 0x00000007c0000000)
  eden space 1285120K, 0% used [0x000000072e300000,0x000000072e300000,0x000000077ca00000)
  from space 520704K, 74% used [0x00000007a0380000,0x00000007b7ebb670,0x00000007c0000000)
  to   space 551936K, 0% used [0x000000077ca00000,0x000000077ca00000,0x000000079e500000)
 ParOldGen       total 1092608K, used 702302K [0x000000060a800000, 0x000000064d300000, 0x000000072e300000)
  object space 1092608K, 64% used [0x000000060a800000,0x00000006355d7b30,0x000000064d300000)
 Metaspace       used 136417K, capacity 139447K, committed 139608K, reserved 1165312K
  class space    used 21853K, capacity 22787K, committed 22912K, reserved 1048576K
Event: 73.938 GC heap after
Heap after GC invocations=29 (full 5):
 PSYoungGen      total 1805824K, used 0K [0x000000072e300000, 0x00000007c0000000, 0x00000007c0000000)
  eden space 1285120K, 0% used [0x000000072e300000,0x000000072e300000,0x000000077ca00000)
  from space 520704K, 0% used [0x00000007a0380000,0x00000007a0380000,0x00000007c0000000)
  to   space 551936K, 0% used [0x000000077ca00000,0x000000077ca00000,0x000000079e500000)
 ParOldGen       total 1156608K, used 654098K [0x000000060a800000, 0x0000000651180000, 0x000000072e300000)
  object space 1156608K, 56% used [0x000000060a800000,0x00000006326c4970,0x0000000651180000)
 Metaspace       used 136417K, capacity 139447K, committed 139608K, reserved 1165312K
  class space    used 21853K, capacity 22787K, committed 22912K, reserved 1048576K
}
Event: 77.578 GC heap before
{Heap before GC invocations=30 (full 5):
 PSYoungGen      total 1805824K, used 1285120K [0x000000072e300000, 0x00000007c0000000, 0x00000007c0000000)
  eden space 1285120K, 100% used [0x000000072e300000,0x000000077ca00000,0x000000077ca00000)
  from space 520704K, 0% used [0x00000007a0380000,0x00000007a0380000,0x00000007c0000000)
  to   space 551936K, 0% used [0x000000077ca00000,0x000000077ca00000,0x000000079e500000)
 ParOldGen       total 1156608K, used 654098K [0x000000060a800000, 0x0000000651180000, 0x000000072e300000)
  object space 1156608K, 56% used [0x000000060a800000,0x00000006326c4970,0x0000000651180000)
 Metaspace       used 142475K, capacity 145785K, committed 145880K, reserved 1171456K
  class space    used 23005K, capacity 24042K, committed 24064K, reserved 1048576K
Event: 77.589 GC heap after
Heap after GC invocations=30 (full 5):
 PSYoungGen      total 1317376K, used 31952K [0x000000072e300000, 0x00000007c0000000, 0x00000007c0000000)
  eden space 1285120K, 0% used [0x000000072e300000,0x000000072e300000,0x000000077ca00000)
  from space 32256K, 99% used [0x000000077ca00000,0x000000077e9342c0,0x000000077e980000)
  to   space 556032K, 0% used [0x000000079e100000,0x000000079e100000,0x00000007c0000000)
 ParOldGen       total 1156608K, used 654106K [0x000000060a800000, 0x0000000651180000, 0x000000072e300000)
  object space 1156608K, 56% used [0x000000060a800000,0x00000006326c6970,0x0000000651180000)
 Metaspace       used 142475K, capacity 145785K, committed 145880K, reserved 1171456K
  class space    used 23005K, capacity 24042K, committed 24064K, reserved 1048576K
}
Event: 79.846 GC heap before
{Heap before GC invocations=31 (full 5):
 PSYoungGen      total 1317376K, used 1317072K [0x000000072e300000, 0x00000007c0000000, 0x00000007c0000000)
  eden space 1285120K, 100% used [0x000000072e300000,0x000000077ca00000,0x000000077ca00000)
  from space 32256K, 99% used [0x000000077ca00000,0x000000077e9342c0,0x000000077e980000)
  to   space 556032K, 0% used [0x000000079e100000,0x000000079e100000,0x00000007c0000000)
 ParOldGen       total 1156608K, used 654106K [0x000000060a800000, 0x0000000651180000, 0x000000072e300000)
  object space 1156608K, 56% used [0x000000060a800000,0x00000006326c6970,0x0000000651180000)
 Metaspace       used 148395K, capacity 151915K, committed 152152K, reserved 1175552K
  class space    used 24366K, capacity 25417K, committed 25472K, reserved 1048576K
Event: 79.861 GC heap after
Heap after GC invocations=31 (full 5):
 PSYoungGen      total 1838080K, used 51263K [0x000000072e300000, 0x00000007c0000000, 0x00000007c0000000)
  eden space 1282048K, 0% used [0x000000072e300000,0x000000072e300000,0x000000077c700000)
  from space 556032K, 9% used [0x000000079e100000,0x00000007a130fd60,0x00000007c0000000)
  to   space 550912K, 0% used [0x000000077c700000,0x000000077c700000,0x000000079e100000)
 ParOldGen       total 1156608K, used 654114K [0x000000060a800000, 0x0000000651180000, 0x000000072e300000)
  object space 1156608K, 56% used [0x000000060a800000,0x00000006326c8970,0x0000000651180000)
 Metaspace       used 148395K, capacity 151915K, committed 152152K, reserved 1175552K
  class space    used 24366K, capacity 25417K, committed 25472K, reserved 1048576K
}
Event: 82.236 GC heap before
{Heap before GC invocations=32 (full 5):
 PSYoungGen      total 1838080K, used 1333311K [0x000000072e300000, 0x00000007c0000000, 0x00000007c0000000)
  eden space 1282048K, 100% used [0x000000072e300000,0x000000077c700000,0x000000077c700000)
  from space 556032K, 9% used [0x000000079e100000,0x00000007a130fd60,0x00000007c0000000)
  to   space 550912K, 0% used [0x000000077c700000,0x000000077c700000,0x000000079e100000)
 ParOldGen       total 1156608K, used 654114K [0x000000060a800000, 0x0000000651180000, 0x000000072e300000)
  object space 1156608K, 56% used [0x000000060a800000,0x00000006326c8970,0x0000000651180000)
 Metaspace       used 154458K, capacity 158125K, committed 158552K, reserved 1181696K
  class space    used 25514K, capacity 26628K, committed 26752K, reserved 1048576K
Event: 82.259 GC heap after
Heap after GC invocations=32 (full 5):
 PSYoungGen      total 1350144K, used 67739K [0x000000072e300000, 0x00000007be400000, 0x00000007c0000000)
  eden space 1282048K, 0% used [0x000000072e300000,0x000000072e300000,0x000000077c700000)
  from space 68096K, 99% used [0x000000077c700000,0x0000000780926d40,0x0000000780980000)
  to   space 539136K, 0% used [0x000000079d580000,0x000000079d580000,0x00000007be400000)
 ParOldGen       total 1156608K, used 654122K [0x000000060a800000, 0x0000000651180000, 0x000000072e300000)
  object space 1156608K, 56% used [0x000000060a800000,0x00000006326ca970,0x0000000651180000)
 Metaspace       used 154458K, capacity 158125K, committed 158552K, reserved 1181696K
  class space    used 25514K, capacity 26628K, committed 26752K, reserved 1048576K
}

Deoptimization events (10 events):
Event: 83.586 Thread 0x00000185f911d000 Uncommon trap: reason=class_check action=maybe_recompile pc=0x00000185819dd580 method=com.google.common.collect.AbstractMapBasedMultimap$WrappedCollection.refreshIfEmpty()V @ 59
Event: 83.586 Thread 0x00000185f911d000 Uncommon trap: reason=class_check action=maybe_recompile pc=0x000001858133c3e4 method=com.google.common.collect.AbstractMapBasedMultimap$WrappedCollection.refreshIfEmpty()V @ 59
Event: 83.711 Thread 0x00000185f911d000 Uncommon trap: reason=class_check action=maybe_recompile pc=0x000001858268c42c method=net.minecraftforge.fml.common.eventhandler.EventBus$1.invoke(Lnet/minecraftforge/fml/common/eventhandler/Event;)V @ 18
Event: 83.711 Thread 0x00000185f911d000 Uncommon trap: reason=class_check action=maybe_recompile pc=0x000001858268c42c method=net.minecraftforge.fml.common.eventhandler.EventBus$1.invoke(Lnet/minecraftforge/fml/common/eventhandler/Event;)V @ 18
Event: 83.935 Thread 0x00000185f911d000 Uncommon trap: reason=bimorphic action=maybe_recompile pc=0x0000018580cc55f0 method=java.util.regex.Pattern$Dollar.match(Ljava/util/regex/Matcher;ILjava/lang/CharSequence;)Z @ 205
Event: 83.937 Thread 0x00000185f911d000 Uncommon trap: reason=bimorphic action=maybe_recompile pc=0x0000018580cc55f0 method=java.util.regex.Pattern$Dollar.match(Ljava/util/regex/Matcher;ILjava/lang/CharSequence;)Z @ 205
Event: 83.938 Thread 0x00000185f911d000 Uncommon trap: reason=bimorphic action=maybe_recompile pc=0x0000018580cc55f0 method=java.util.regex.Pattern$Dollar.match(Ljava/util/regex/Matcher;ILjava/lang/CharSequence;)Z @ 205
Event: 83.938 Thread 0x00000185f911d000 Uncommon trap: reason=bimorphic action=maybe_recompile pc=0x0000018580cc55f0 method=java.util.regex.Pattern$Dollar.match(Ljava/util/regex/Matcher;ILjava/lang/CharSequence;)Z @ 205
Event: 83.940 Thread 0x00000185f911d000 Uncommon trap: reason=unstable_if action=reinterpret pc=0x000001858129c514 method=java.util.regex.Pattern$GroupTail.match(Ljava/util/regex/Matcher;ILjava/lang/CharSequence;)Z @ 13
Event: 84.279 Thread 0x00000185f911d000 Uncommon trap: reason=unstable_if action=reinterpret pc=0x000001858265ec58 method=net.minecraftforge.fml.common.LoadController.findActiveContainerFromStack()Lnet/minecraftforge/fml/common/ModContainer; @ 65

Classes redefined (0 events):
No events

Internal exceptions (10 events):
Event: 82.993 Thread 0x00000185a0dbe800 Exception <a 'java/security/PrivilegedActionException'> (0x000000074598f870) thrown at [C:\jenkins\workspace\8-2-build-windows-amd64-cygwin\jdk8u271\605\hotspot\src\share\vm\prims\jvm.cpp, line 1512]
Event: 84.035 Thread 0x00000185f911d000 Exception <a 'java/lang/IncompatibleClassChangeError': Found class java.lang.Object, but interface was expected> (0x0000000764698380) thrown at [C:\jenkins\workspace\8-2-build-windows-amd64-cygwin\jdk8u271\605\hotspot\src\share\vm\interpreter\linkResolver
Event: 84.036 Thread 0x00000185f911d000 Exception <a 'java/lang/IncompatibleClassChangeError': Found class java.lang.Object, but interface was expected> (0x00000007646a02c0) thrown at [C:\jenkins\workspace\8-2-build-windows-amd64-cygwin\jdk8u271\605\hotspot\src\share\vm\interpreter\linkResolver
Event: 84.112 Thread 0x00000185f911d000 Exception <a 'java/lang/NoSuchMethodError': java.lang.Object.lambda$getResourceLocations$0(Ljava/util/List;Lcom/teamacronymcoders/base/IBaseMod;Ljava/lang/String;)V> (0x0000000766d91d58) thrown at [C:\jenkins\workspace\8-2-build-windows-amd64-cygwin\jdk8u
Event: 84.281 Thread 0x00000185f911d000 Exception <a 'java/security/PrivilegedActionException'> (0x0000000769e5e9d0) thrown at [C:\jenkins\workspace\8-2-build-windows-amd64-cygwin\jdk8u271\605\hotspot\src\share\vm\prims\jvm.cpp, line 1512]
Event: 84.281 Thread 0x00000185f911d000 Exception <a 'java/security/PrivilegedActionException'> (0x0000000769e5feb8) thrown at [C:\jenkins\workspace\8-2-build-windows-amd64-cygwin\jdk8u271\605\hotspot\src\share\vm\prims\jvm.cpp, line 1512]
Event: 84.281 Thread 0x00000185f911d000 Exception <a 'java/security/PrivilegedActionException'> (0x0000000769e61960) thrown at [C:\jenkins\workspace\8-2-build-windows-amd64-cygwin\jdk8u271\605\hotspot\src\share\vm\prims\jvm.cpp, line 1512]
Event: 84.281 Thread 0x00000185f911d000 Exception <a 'java/security/PrivilegedActionException'> (0x0000000769e63158) thrown at [C:\jenkins\workspace\8-2-build-windows-amd64-cygwin\jdk8u271\605\hotspot\src\share\vm\prims\jvm.cpp, line 1512]
Event: 84.281 Thread 0x00000185f911d000 Exception <a 'java/security/PrivilegedActionException'> (0x0000000769e645c8) thrown at [C:\jenkins\workspace\8-2-build-windows-amd64-cygwin\jdk8u271\605\hotspot\src\share\vm\prims\jvm.cpp, line 1512]
Event: 84.281 Thread 0x00000185f911d000 Exception <a 'java/security/PrivilegedActionException'> (0x0000000769e65bb0) thrown at [C:\jenkins\workspace\8-2-build-windows-amd64-cygwin\jdk8u271\605\hotspot\src\share\vm\prims\jvm.cpp, line 1512]

Events (10 events):
Event: 84.284 loading class org/lwjgl/openal/ALC10
Event: 84.284 loading class org/lwjgl/openal/ALC10 done
Event: 84.291 loading class org/lwjgl/openal/ALCdevice
Event: 84.291 loading class org/lwjgl/openal/ALCdevice done
Event: 84.291 loading class org/lwjgl/openal/ALCcontext
Event: 84.291 loading class org/lwjgl/openal/ALCcontext done
Event: 84.292 loading class org/lwjgl/openal/Util
Event: 84.292 loading class org/lwjgl/openal/Util done
Event: 84.292 loading class org/lwjgl/openal/OpenALException
Event: 84.292 loading class org/lwjgl/openal/OpenALException done


Dynamic libraries:
0x00007ff6b0590000 - 0x00007ff6b05d7000 	C:\Program Files (x86)\Common Files\Oracle\Java\javapath\javaw.exe
0x00007ffb8c5f0000 - 0x00007ffb8c7e5000 	C:\Windows\SYSTEM32\ntdll.dll
0x00007ffb8bfb0000 - 0x00007ffb8c06d000 	C:\Windows\System32\KERNEL32.DLL
0x00007ffb89f80000 - 0x00007ffb8a248000 	C:\Windows\System32\KERNELBASE.dll
0x00007ffb8b1c0000 - 0x00007ffb8b26c000 	C:\Windows\System32\ADVAPI32.dll
0x00007ffb8ab50000 - 0x00007ffb8abee000 	C:\Windows\System32\msvcrt.dll
0x00007ffb8c2f0000 - 0x00007ffb8c38b000 	C:\Windows\System32\sechost.dll
0x00007ffb8abf0000 - 0x00007ffb8ad1b000 	C:\Windows\System32\RPCRT4.dll
0x00007ffb8c070000 - 0x00007ffb8c210000 	C:\Windows\System32\USER32.dll
0x00007ffb8a620000 - 0x00007ffb8a642000 	C:\Windows\System32\win32u.dll
0x00007ffb8bb10000 - 0x00007ffb8bb3a000 	C:\Windows\System32\GDI32.dll
0x00007ffb8a510000 - 0x00007ffb8a61b000 	C:\Windows\System32\gdi32full.dll
0x00007ffb89d80000 - 0x00007ffb89e1d000 	C:\Windows\System32\msvcp_win.dll
0x00007ffb89e80000 - 0x00007ffb89f80000 	C:\Windows\System32\ucrtbase.dll
0x00007ffb788b0000 - 0x00007ffb78b4a000 	C:\Windows\WinSxS\amd64_microsoft.windows.common-controls_6595b64144ccf1df_6.0.19041.844_none_ca00b6081b84eb1d\COMCTL32.dll
0x00007ffb8aed0000 - 0x00007ffb8af00000 	C:\Windows\System32\IMM32.DLL
0x00007ffb82510000 - 0x00007ffb82525000 	C:\Program Files\Java\jre1.8.0_271\bin\vcruntime140.dll
0x00007ffb65e40000 - 0x00007ffb65edb000 	C:\Program Files\Java\jre1.8.0_271\bin\msvcp140.dll
0x0000000075290000 - 0x0000000075aff000 	C:\Program Files\Java\jre1.8.0_271\bin\server\jvm.dll
0x00007ffb8a650000 - 0x00007ffb8a658000 	C:\Windows\System32\PSAPI.DLL
0x00007ffb81c40000 - 0x00007ffb81c4a000 	C:\Windows\SYSTEM32\VERSION.dll
0x00007ffb7f0f0000 - 0x00007ffb7f117000 	C:\Windows\SYSTEM32\WINMM.dll
0x00007ffb705d0000 - 0x00007ffb705d9000 	C:\Windows\SYSTEM32\WSOCK32.dll
0x00007ffb8ba80000 - 0x00007ffb8baeb000 	C:\Windows\System32\WS2_32.dll
0x00007ffb88600000 - 0x00007ffb88612000 	C:\Windows\SYSTEM32\kernel.appcore.dll
0x00007ffb867d0000 - 0x00007ffb867e0000 	C:\Program Files\Java\jre1.8.0_271\bin\verify.dll
0x00007ffb7c9e0000 - 0x00007ffb7ca0b000 	C:\Program Files\Java\jre1.8.0_271\bin\java.dll
0x00007ffb824f0000 - 0x00007ffb82508000 	C:\Program Files\Java\jre1.8.0_271\bin\zip.dll
0x00007ffb8b280000 - 0x00007ffb8b9c2000 	C:\Windows\System32\SHELL32.dll
0x00007ffb87e60000 - 0x00007ffb885f0000 	C:\Windows\SYSTEM32\windows.storage.dll
0x00007ffb8a7f0000 - 0x00007ffb8ab45000 	C:\Windows\System32\combase.dll
0x00007ffb89730000 - 0x00007ffb8975c000 	C:\Windows\SYSTEM32\Wldp.dll
0x00007ffb8b9d0000 - 0x00007ffb8ba7e000 	C:\Windows\System32\SHCORE.dll
0x00007ffb8c390000 - 0x00007ffb8c3e5000 	C:\Windows\System32\shlwapi.dll
0x00007ffb89c70000 - 0x00007ffb89c8f000 	C:\Windows\SYSTEM32\profapi.dll
0x00007ffb85380000 - 0x00007ffb8538d000 	C:\Program Files\Java\jre1.8.0_271\bin\management.dll
0x00007ffb82470000 - 0x00007ffb8248c000 	C:\Program Files\Java\jre1.8.0_271\bin\net.dll
0x00007ffb89440000 - 0x00007ffb894aa000 	C:\Windows\system32\mswsock.dll
0x00007ffb64f40000 - 0x00007ffb64f57000 	C:\Windows\system32\napinsp.dll
0x00007ffb64f20000 - 0x00007ffb64f3b000 	C:\Windows\system32\pnrpnsp.dll
0x00007ffb848b0000 - 0x00007ffb848c5000 	C:\Windows\system32\wshbth.dll
0x00007ffb85060000 - 0x00007ffb8507d000 	C:\Windows\system32\NLAapi.dll
0x00007ffb89130000 - 0x00007ffb8916b000 	C:\Windows\SYSTEM32\IPHLPAPI.DLL
0x00007ffb89170000 - 0x00007ffb8923c000 	C:\Windows\SYSTEM32\DNSAPI.dll
0x00007ffb8a710000 - 0x00007ffb8a718000 	C:\Windows\System32\NSI.dll
0x00007ffb64f00000 - 0x00007ffb64f12000 	C:\Windows\System32\winrnr.dll
0x00007ffb80360000 - 0x00007ffb8036a000 	C:\Windows\System32\rasadhlp.dll
0x00007ffb7cf60000 - 0x00007ffb7cfdf000 	C:\Windows\System32\fwpuclnt.dll
0x00007ffb8a250000 - 0x00007ffb8a277000 	C:\Windows\System32\bcrypt.dll
0x00007ffb81e70000 - 0x00007ffb81e83000 	C:\Program Files\Java\jre1.8.0_271\bin\nio.dll
0x00007ffb7c9b0000 - 0x00007ffb7c9d4000 	C:\Program Files\Java\jre1.8.0_271\bin\sunec.dll
0x00007ffb89620000 - 0x00007ffb89638000 	C:\Windows\SYSTEM32\CRYPTSP.dll
0x00007ffb88de0000 - 0x00007ffb88e14000 	C:\Windows\system32\rsaenh.dll
0x00007ffb89c30000 - 0x00007ffb89c5e000 	C:\Windows\SYSTEM32\USERENV.dll
0x00007ffb8a280000 - 0x00007ffb8a300000 	C:\Windows\System32\bcryptprimitives.dll
0x00007ffb89610000 - 0x00007ffb8961c000 	C:\Windows\SYSTEM32\CRYPTBASE.dll
0x00007ffb81c70000 - 0x00007ffb81c87000 	C:\Windows\SYSTEM32\dhcpcsvc6.DLL
0x00007ffb81c50000 - 0x00007ffb81c6d000 	C:\Windows\SYSTEM32\dhcpcsvc.DLL
0x00007ffb7c890000 - 0x00007ffb7c8a8000 	C:\Program Files\Java\jre1.8.0_271\bin\unpack.dll
0x0000000180000000 - 0x0000000180053000 	C:\Users\ASUS\curseforge\minecraft\Instances\natives\lwjgl64.dll
0x00007ffb5b880000 - 0x00007ffb5b9a6000 	C:\Windows\SYSTEM32\OPENGL32.dll
0x00007ffb7bcb0000 - 0x00007ffb7bcdc000 	C:\Windows\SYSTEM32\GLU32.dll
0x00007ffb84250000 - 0x00007ffb842fe000 	C:\Windows\SYSTEM32\mscms.dll
0x00007ffb84120000 - 0x00007ffb84131000 	C:\Windows\SYSTEM32\ColorAdapterClient.dll
0x00007ffb8a720000 - 0x00007ffb8a7ed000 	C:\Windows\System32\OLEAUT32.dll
0x00007ffb8a660000 - 0x00007ffb8a709000 	C:\Windows\System32\clbcatq.dll
0x00007ffb803d0000 - 0x00007ffb80414000 	C:\Windows\System32\Windows.Internal.Graphics.Display.DisplayColorManagement.dll
0x00007ffb89d30000 - 0x00007ffb89d7e000 	C:\Windows\System32\cfgmgr32.dll
0x00007ffb59720000 - 0x00007ffb598b4000 	C:\Program Files\Java\jre1.8.0_271\bin\awt.dll
0x00007ffb86710000 - 0x00007ffb867a0000 	C:\Windows\SYSTEM32\apphelp.dll
0x00007ffb869d0000 - 0x00007ffb86a6e000 	C:\Windows\system32\uxtheme.dll
0x00007ffb8af60000 - 0x00007ffb8b075000 	C:\Windows\System32\MSCTF.dll
0x00007ffb77c40000 - 0x00007ffb77d39000 	C:\Windows\SYSTEM32\textinputframework.dll
0x00007ffb863a0000 - 0x00007ffb86492000 	C:\Windows\System32\CoreMessaging.dll
0x00007ffb86040000 - 0x00007ffb8639e000 	C:\Windows\System32\CoreUIComponents.dll
0x00007ffb85950000 - 0x00007ffb85aa4000 	C:\Windows\SYSTEM32\wintypes.dll
0x00007ffb88a70000 - 0x00007ffb88aa3000 	C:\Windows\SYSTEM32\ntmarta.dll
0x00007ffb8c3f0000 - 0x00007ffb8c51a000 	C:\Windows\System32\ole32.dll
0x00007ffb55510000 - 0x00007ffb556ff000 	C:\Windows\system32\SogouTSF.ime
0x00007ffb86840000 - 0x00007ffb86847000 	C:\Windows\system32\MSIMG32.dll
0x00007ffb41410000 - 0x00007ffb41ca7000 	C:\Windows\system32\SogouPy.ime
0x00007ffb787b0000 - 0x00007ffb78816000 	C:\Windows\SYSTEM32\OLEACC.dll
0x00007ffb7ef20000 - 0x00007ffb7f02b000 	C:\Windows\SYSTEM32\WINHTTP.dll
0x0000000010000000 - 0x000000001011d000 	C:\Program Files (x86)\SogouInput\10.0.0.4300\Resource.dll
0x00007ffb550a0000 - 0x00007ffb55309000 	C:\Program Files (x86)\SogouInput\Components\PicFace\1.1.0.1870\PicFace64.dll
0x00007ffb8c210000 - 0x00007ffb8c2ea000 	C:\Windows\System32\COMDLG32.dll
0x00007ffb86b90000 - 0x00007ffb86bbf000 	C:\Windows\SYSTEM32\dwmapi.dll
0x00007ffb795e0000 - 0x00007ffb7968c000 	C:\Windows\SYSTEM32\TextShaping.dll
0x00007ffb67920000 - 0x00007ffb6792c000 	C:\Windows\SYSTEM32\Secur32.dll
0x00007ffb89bf0000 - 0x00007ffb89c21000 	C:\Windows\SYSTEM32\SSPICLI.DLL
0x00007ffb7b860000 - 0x00007ffb7b89a000 	C:\Windows\system32\msctfp.dll
0x00007ffb82c60000 - 0x00007ffb82d59000 	C:\Windows\System32\AppXDeploymentClient.dll
0x00007ffb1ea00000 - 0x00007ffb21245000 	C:\Windows\System32\DriverStore\FileRepository\nvam.inf_amd64_0f6918628c340454\nvoglv64.dll
0x00007ffb8bb40000 - 0x00007ffb8bfa9000 	C:\Windows\System32\SETUPAPI.dll
0x00007ffb85ab0000 - 0x00007ffb85ac4000 	C:\Windows\SYSTEM32\WTSAPI32.dll
0x00007ffb89a70000 - 0x00007ffb89a9c000 	C:\Windows\System32\DEVOBJ.dll
0x00007ffb89e20000 - 0x00007ffb89e80000 	C:\Windows\System32\WINTRUST.dll
0x00007ffb8a300000 - 0x00007ffb8a45f000 	C:\Windows\System32\CRYPT32.dll
0x00007ffb898b0000 - 0x00007ffb898c2000 	C:\Windows\System32\MSASN1.dll
0x00007ffb7f9f0000 - 0x00007ffb7fa2b000 	C:\Windows\SYSTEM32\dxcore.dll
0x00007ffb4d560000 - 0x00007ffb4d819000 	C:\Windows\system32\nvspcap64.dll
0x00007ffb797d0000 - 0x00007ffb79813000 	C:\Windows\SYSTEM32\icm32.dll
0x00007ffb89ba0000 - 0x00007ffb89beb000 	C:\Windows\SYSTEM32\powrprof.dll
0x00007ffb89b80000 - 0x00007ffb89b92000 	C:\Windows\SYSTEM32\UMPDC.dll
0x00007ffb896d0000 - 0x00007ffb8972a000 	C:\Windows\SYSTEM32\WINSTA.dll
0x00007ffb88670000 - 0x00007ffb88764000 	C:\Windows\SYSTEM32\dxgi.dll
0x00007ffb62ca0000 - 0x00007ffb62da2000 	C:\Windows\System32\DriverStore\FileRepository\nvam.inf_amd64_0f6918628c340454\nvldumdx.dll
0x00007ffb81a70000 - 0x00007ffb81aa1000 	C:\Windows\SYSTEM32\cryptnet.dll
0x00007ffb8baf0000 - 0x00007ffb8bb0d000 	C:\Windows\System32\imagehlp.dll
0x00007ffb48140000 - 0x00007ffb4ab1b000 	C:\Windows\System32\DriverStore\FileRepository\nvam.inf_amd64_0f6918628c340454\nvwgf2umx.dll
0x00007ffb7be10000 - 0x00007ffb7c364000 	C:\Windows\SYSTEM32\nvapi64.dll
0x00007ffb7ed40000 - 0x00007ffb7ef1b000 	C:\Windows\System32\DriverStore\FileRepository\u0362957.inf_amd64_47170f5efa6cd04e\B362672\aticfx64.dll
0x00007ffb7cd20000 - 0x00007ffb7cd4f000 	C:\Windows\SYSTEM32\amdihk64.dll
0x00007ffb767a0000 - 0x00007ffb767e2000 	C:\Users\ASUS\AppData\Local\Temp\jna-2018896\jna421114452425840133.dll
0x00007ffb81c90000 - 0x00007ffb81c9b000 	C:\Windows\SYSTEM32\WINNSI.DLL
0x00007ffb82210000 - 0x00007ffb823de000 	C:\Windows\system32\d3d9.dll
0x00007ffb2b6a0000 - 0x00007ffb2ce42000 	C:\Windows\System32\DriverStore\FileRepository\nvam.inf_amd64_0f6918628c340454\nvd3dumx.dll
0x00007ffb88620000 - 0x00007ffb88643000 	C:\Windows\SYSTEM32\gpapi.dll
0x00007ffb79150000 - 0x00007ffb79183000 	C:\Windows\System32\DriverStore\FileRepository\u0362957.inf_amd64_47170f5efa6cd04e\B362672\atiu9p64.dll
0x00007ffb28fd0000 - 0x00007ffb29c66000 	C:\Windows\System32\DriverStore\FileRepository\u0362957.inf_amd64_47170f5efa6cd04e\B362672\atiumd64.dll
0x00007ffb87870000 - 0x00007ffb87a54000 	C:\Windows\SYSTEM32\dbghelp.dll
0x00007ffb70100000 - 0x00007ffb7012c000 	C:\Windows\SYSTEM32\dbgcore.DLL
0x0000000075b70000 - 0x00000000769ed000 	C:\Windows\System32\DriverStore\FileRepository\u0362957.inf_amd64_47170f5efa6cd04e\B362672\atiumd6a.dll
0x00007ffb76330000 - 0x00007ffb76379000 	C:\Program Files\Java\jre1.8.0_271\bin\fontmanager.dll
0x00007ffb6f9b0000 - 0x00007ffb6f9f3000 	C:\Program Files\Java\jre1.8.0_271\bin\t2k.dll
0x00007ffb76110000 - 0x00007ffb7613a000 	C:\Program Files\Java\jre1.8.0_271\bin\dcpr.dll
0x00000185afc40000 - 0x00000185afca4000 	C:\Users\ASUS\curseforge\minecraft\Instances\natives\OpenAL64.dll
0x00007ffb817e0000 - 0x00007ffb81865000 	C:\Windows\System32\MMDevApi.dll

VM Arguments:
jvm_args: -XX:HeapDumpPath=MojangTricksIntelDriversForPerformance_javaw.exe_minecraft.exe.heapdump -Xms512m -Xmx7000m -Duser.language=en -Djava.library.path=C:/Users/ASUS/curseforge/minecraft/Instances/natives 
java_command: org.multimc.EntryPoint
java_class_path (initial): G:/minecraft/mmc-stable-win32/MultiMC/jars/NewLaunch.jar;G:/minecraft/mmc-stable-win32/MultiMC/libraries/net/java/jinput/jinput/2.0.5/jinput-2.0.5.jar;G:/minecraft/mmc-stable-win32/MultiMC/libraries/net/java/jutils/jutils/1.0.0/jutils-1.0.0.jar;G:/minecraft/mmc-stable-win32/MultiMC/libraries/org/lwjgl/lwjgl/lwjgl/2.9.4-nightly-20150209/lwjgl-2.9.4-nightly-20150209.jar;G:/minecraft/mmc-stable-win32/MultiMC/libraries/org/lwjgl/lwjgl/lwjgl_util/2.9.4-nightly-20150209/lwjgl_util-2.9.4-nightly-20150209.jar;G:/minecraft/mmc-stable-win32/MultiMC/libraries/com/mojang/patchy/1.1/patchy-1.1.jar;G:/minecraft/mmc-stable-win32/MultiMC/libraries/oshi-project/oshi-core/1.1/oshi-core-1.1.jar;G:/minecraft/mmc-stable-win32/MultiMC/libraries/net/java/dev/jna/jna/4.4.0/jna-4.4.0.jar;G:/minecraft/mmc-stable-win32/MultiMC/libraries/net/java/dev/jna/platform/3.4.0/platform-3.4.0.jar;G:/minecraft/mmc-stable-win32/MultiMC/libraries/com/ibm/icu/icu4j-core-mojang/51.2/icu4j-core-mojang-51.2.jar;G:/minecraft/mmc-stable-win32/MultiMC/libraries/net/sf/jopt-simple/jopt-simple/5.0.3/jopt-simple-5.0.3.jar;G:/minecraft/mmc-stable-win32/MultiMC/libraries/com/paulscode/codecjorbis/20101023/codecjorbis-20101023.jar;G:/minecraft/mmc-stable-win32/MultiMC/libraries/com/paulscode/codecwav/20101023/codecwav-20101023.jar;G:/minecraft/mmc-stable-win32/MultiMC/libraries/com/paulscode/libraryjavasound/20101123/libraryjavasound-20101123.jar;G:/minecraft/mmc-stable-win32/MultiMC/libraries/com/paulscode/librarylwjglopenal/20100824/librarylwjglopenal-20100824.jar;G:/minecraft/mmc-stable-win32/MultiMC/libraries/com/paulscode/soundsystem/20120107/soundsystem-20120107.jar;G:/minecraft/mmc-stable-win32/MultiMC/libraries/io/netty/netty-all/4.1.9.Final/netty-all-4.1.9.Final.jar;G:/minecraft/mmc-stable-win32/MultiMC/libraries/com/google/guava/guava/21.0/guava-21.0.jar;G:/minecraft/mmc-stable-win32/MultiMC/libraries/org/apache/commons/commons-lang3/3.5/commons-lang3-3.5.jar;G:/minecraft/mmc-sta
Launcher Type: SUN_STANDARD

Environment Variables:
PATH=C:\Program Files\PlasticSCM5\server;C:\Program Files\PlasticSCM5\client;C:\Program Files (x86)\Common Files\Oracle\Java\javapath;C:\Windows\system32;C:\Windows;C:\Windows\System32\Wbem;C:\Windows\System32\WindowsPowerShell\v1.0\;C:\Windows\System32\OpenSSH\;C:\Program Files (x86)\NVIDIA Corporation\PhysX\Common;C:\Program Files\NVIDIA Corporation\NVIDIA NvDLISR;C:\Program Files\Git\cmd;C:\Users\ASUS\AppData\Local\Programs\Python\Python39\Scripts\;C:\Users\ASUS\AppData\Local\Programs\Python\Python39\;C:\Users\ASUS\AppData\Local\Microsoft\WindowsApps;C:\Users\ASUS\AppData\Local\Programs\Microsoft VS Code\bin;C:\Program Files\JetBrains\IntelliJ IDEA 2020.3.2\bin;;C:\Users\ASUS\AppData\Local\GitHubDesktop\bin
USERNAME=ASUS
OS=Windows_NT
PROCESSOR_IDENTIFIER=AMD64 Family 23 Model 96 Stepping 1, AuthenticAMD



---------------  S Y S T E M  ---------------

OS: Windows 10.0 , 64 bit Build 19041 (10.0.19041.928)

CPU:total 16 (initial active 16) (16 cores per cpu, 1 threads per core) family 23 model 96 stepping 1, cmov, cx8, fxsr, mmx, sse, sse2, sse3, ssse3, sse4.1, sse4.2, popcnt, avx, avx2, aes, clmul, mmxext, 3dnowpref, lzcnt, sse4a, tsc, tscinvbit, tscinv, bmi1

Memory: 4k page, physical 32945744k(20188996k free), swap 37926480k(18560612k free)

vm_info: Java HotSpot(TM) 64-Bit Server VM (25.271-b09) for windows-amd64 JRE (1.8.0_271-b09), built on Sep 16 2020 19:14:59 by "" with MS VC++ 15.9 (VS2017)

time: Thu May 20 19:56:18 2021
timezone: 中国标准时间
elapsed time: 84.317170 seconds (0d 0h 1m 24s)

